# JRE version: OpenJDK Runtime Environment Temurin-21.0.6+7 (21.0.6+7) (build 21.0.6+7-LTS)
# Java VM: OpenJDK 64-Bit Server VM Temurin-21.0.6+7 (21.0.6+7-LTS, mixed mode, sharing, tiered, compressed oops, compressed class ptrs, parallel gc, windows-amd64)
GC Precious Log:
 CardTable entry size: 512
 CPUs: 8 total, 8 available
 Memory: 7914M
 Large Page Support: Disabled
 NUMA Support: Disabled
 Compressed Oops: Enabled (32-bit)
 Alignments: Space 512K, Generation 512K, Heap 2M
 Heap Min Capacity: 100M
 Heap Initial Capacity: 100M
 Heap Max Capacity: 1G
 Pre-touch: Disabled
 Parallel Workers: 8
Heap:
 PSYoungGen      total 5632K, used 1327K [0x00000000eab00000, 0x00000000eb200000, 0x0000000100000000)
  eden space 4608K, 23% used [0x00000000eab00000,0x00000000eac13e38,0x00000000eaf80000)
  from space 1024K, 21% used [0x00000000eb000000,0x00000000eb038000,0x00000000eb100000)
  to   space 512K, 0% used [0x00000000eb180000,0x00000000eb180000,0x00000000eb200000)
 ParOldGen       total 323584K, used 323276K [0x00000000c0000000, 0x00000000d3c00000, 0x00000000eab00000)
  object space 323584K, 99% used [0x00000000c0000000,0x00000000d3bb3048,0x00000000d3c00000)
 Metaspace       used 75380K, committed 77056K, reserved 1179648K
  class space    used 7641K, committed 8384K, reserved 1048576K
GC Heap History (20 events):
Event: 565.038 GC heap before
{Heap before GC invocations=952 (full 4):
 PSYoungGen      total 5632K, used 5492K [0x00000000eab00000, 0x00000000eb300000, 0x0000000100000000)
  eden space 3072K, 100% used [0x00000000eab00000,0x00000000eae00000,0x00000000eae00000)
  from space 2560K, 94% used [0x00000000eb080000,0x00000000eb2dd000,0x00000000eb300000)
  to   space 2560K, 0% used [0x00000000eae00000,0x00000000eae00000,0x00000000eb080000)
 ParOldGen       total 311296K, used 311180K [0x00000000c0000000, 0x00000000d3000000, 0x00000000eab00000)
  object space 311296K, 99% used [0x00000000c0000000,0x00000000d2fe3078,0x00000000d3000000)
 Metaspace       used 74156K, committed 75776K, reserved 1179648K
  class space    used 7493K, committed 8192K, reserved 1048576K
}
Event: 565.042 GC heap after
{Heap after GC invocations=952 (full 4):
 PSYoungGen      total 5632K, used 1024K [0x00000000eab00000, 0x00000000eb300000, 0x0000000100000000)
  eden space 3072K, 0% used [0x00000000eab00000,0x00000000eab00000,0x00000000eae00000)
  from space 2560K, 40% used [0x00000000eae00000,0x00000000eaf00010,0x00000000eb080000)
  to   space 2048K, 0% used [0x00000000eb100000,0x00000000eb100000,0x00000000eb300000)
 ParOldGen       total 313856K, used 313492K [0x00000000c0000000, 0x00000000d3280000, 0x00000000eab00000)
  object space 313856K, 99% used [0x00000000c0000000,0x00000000d3225078,0x00000000d3280000)
 Metaspace       used 74156K, committed 75776K, reserved 1179648K
  class space    used 7493K, committed 8192K, reserved 1048576K
}
Event: 565.089 GC heap before
{Heap before GC invocations=953 (full 4):
 PSYoungGen      total 5632K, used 4096K [0x00000000eab00000, 0x00000000eb300000, 0x0000000100000000)
  eden space 3072K, 100% used [0x00000000eab00000,0x00000000eae00000,0x00000000eae00000)
  from space 2560K, 40% used [0x00000000eae00000,0x00000000eaf00010,0x00000000eb080000)
  to   space 2048K, 0% used [0x00000000eb100000,0x00000000eb100000,0x00000000eb300000)
 ParOldGen       total 313856K, used 313492K [0x00000000c0000000, 0x00000000d3280000, 0x00000000eab00000)
  object space 313856K, 99% used [0x00000000c0000000,0x00000000d3225078,0x00000000d3280000)
 Metaspace       used 74157K, committed 75776K, reserved 1179648K
  class space    used 7493K, committed 8192K, reserved 1048576K
}
Event: 565.092 GC heap after
{Heap after GC invocations=953 (full 4):
 PSYoungGen      total 3584K, used 416K [0x00000000eab00000, 0x00000000eb180000, 0x0000000100000000)
  eden space 3072K, 0% used [0x00000000eab00000,0x00000000eab00000,0x00000000eae00000)
  from space 512K, 81% used [0x00000000eb100000,0x00000000eb168000,0x00000000eb180000)
  to   space 1024K, 0% used [0x00000000eaf80000,0x00000000eaf80000,0x00000000eb080000)
 ParOldGen       total 314368K, used 314228K [0x00000000c0000000, 0x00000000d3300000, 0x00000000eab00000)
  object space 314368K, 99% used [0x00000000c0000000,0x00000000d32dd078,0x00000000d3300000)
 Metaspace       used 74157K, committed 75776K, reserved 1179648K
  class space    used 7493K, committed 8192K, reserved 1048576K
}
Event: 690.064 GC heap before
{Heap before GC invocations=954 (full 4):
 PSYoungGen      total 3584K, used 3488K [0x00000000eab00000, 0x00000000eb180000, 0x0000000100000000)
  eden space 3072K, 100% used [0x00000000eab00000,0x00000000eae00000,0x00000000eae00000)
  from space 512K, 81% used [0x00000000eb100000,0x00000000eb168000,0x00000000eb180000)
  to   space 1024K, 0% used [0x00000000eaf80000,0x00000000eaf80000,0x00000000eb080000)
 ParOldGen       total 314368K, used 314228K [0x00000000c0000000, 0x00000000d3300000, 0x00000000eab00000)
  object space 314368K, 99% used [0x00000000c0000000,0x00000000d32dd078,0x00000000d3300000)
 Metaspace       used 74166K, committed 75776K, reserved 1179648K
  class space    used 7493K, committed 8192K, reserved 1048576K
}
Event: 690.070 GC heap after
{Heap after GC invocations=954 (full 4):
 PSYoungGen      total 4096K, used 384K [0x00000000eab00000, 0x00000000eb180000, 0x0000000100000000)
  eden space 3072K, 0% used [0x00000000eab00000,0x00000000eab00000,0x00000000eae00000)
  from space 1024K, 37% used [0x00000000eaf80000,0x00000000eafe0000,0x00000000eb080000)
  to   space 512K, 0% used [0x00000000eb100000,0x00000000eb100000,0x00000000eb180000)
 ParOldGen       total 314368K, used 314236K [0x00000000c0000000, 0x00000000d3300000, 0x00000000eab00000)
  object space 314368K, 99% used [0x00000000c0000000,0x00000000d32df078,0x00000000d3300000)
 Metaspace       used 74166K, committed 75776K, reserved 1179648K
  class space    used 7493K, committed 8192K, reserved 1048576K
}
Event: 690.202 GC heap before
{Heap before GC invocations=955 (full 4):
 PSYoungGen      total 4096K, used 3427K [0x00000000eab00000, 0x00000000eb180000, 0x0000000100000000)
  eden space 3072K, 99% used [0x00000000eab00000,0x00000000eadf8c70,0x00000000eae00000)
  from space 1024K, 37% used [0x00000000eaf80000,0x00000000eafe0000,0x00000000eb080000)
  to   space 512K, 0% used [0x00000000eb100000,0x00000000eb100000,0x00000000eb180000)
 ParOldGen       total 314368K, used 314236K [0x00000000c0000000, 0x00000000d3300000, 0x00000000eab00000)
  object space 314368K, 99% used [0x00000000c0000000,0x00000000d32df078,0x00000000d3300000)
 Metaspace       used 74316K, committed 75904K, reserved 1179648K
  class space    used 7501K, committed 8192K, reserved 1048576K
}
Event: 690.209 GC heap after
{Heap after GC invocations=955 (full 4):
 PSYoungGen      total 3584K, used 256K [0x00000000eab00000, 0x00000000eb180000, 0x0000000100000000)
  eden space 3072K, 0% used [0x00000000eab00000,0x00000000eab00000,0x00000000eae00000)
  from space 512K, 50% used [0x00000000eb100000,0x00000000eb140000,0x00000000eb180000)
  to   space 512K, 0% used [0x00000000eb080000,0x00000000eb080000,0x00000000eb100000)
 ParOldGen       total 317440K, used 317198K [0x00000000c0000000, 0x00000000d3600000, 0x00000000eab00000)
  object space 317440K, 99% used [0x00000000c0000000,0x00000000d35c39a8,0x00000000d3600000)
 Metaspace       used 74316K, committed 75904K, reserved 1179648K
  class space    used 7501K, committed 8192K, reserved 1048576K
}
Event: 690.309 GC heap before
{Heap before GC invocations=956 (full 4):
 PSYoungGen      total 3584K, used 3328K [0x00000000eab00000, 0x00000000eb180000, 0x0000000100000000)
  eden space 3072K, 100% used [0x00000000eab00000,0x00000000eae00000,0x00000000eae00000)
  from space 512K, 50% used [0x00000000eb100000,0x00000000eb140000,0x00000000eb180000)
  to   space 512K, 0% used [0x00000000eb080000,0x00000000eb080000,0x00000000eb100000)
 ParOldGen       total 317440K, used 317198K [0x00000000c0000000, 0x00000000d3600000, 0x00000000eab00000)
  object space 317440K, 99% used [0x00000000c0000000,0x00000000d35c39a8,0x00000000d3600000)
 Metaspace       used 74330K, committed 75904K, reserved 1179648K
  class space    used 7503K, committed 8192K, reserved 1048576K
}
Event: 690.313 GC heap after
{Heap after GC invocations=956 (full 4):
 PSYoungGen      total 3584K, used 512K [0x00000000eab00000, 0x00000000eb180000, 0x0000000100000000)
  eden space 3072K, 0% used [0x00000000eab00000,0x00000000eab00000,0x00000000eae00000)
  from space 512K, 100% used [0x00000000eb080000,0x00000000eb100000,0x00000000eb100000)
  to   space 512K, 0% used [0x00000000eb100000,0x00000000eb100000,0x00000000eb180000)
 ParOldGen       total 317952K, used 317667K [0x00000000c0000000, 0x00000000d3680000, 0x00000000eab00000)
  object space 317952K, 99% used [0x00000000c0000000,0x00000000d3638e28,0x00000000d3680000)
 Metaspace       used 74330K, committed 75904K, reserved 1179648K
  class space    used 7503K, committed 8192K, reserved 1048576K
}
Event: 690.358 GC heap before
{Heap before GC invocations=957 (full 4):
 PSYoungGen      total 3584K, used 3583K [0x00000000eab00000, 0x00000000eb180000, 0x0000000100000000)
  eden space 3072K, 99% used [0x00000000eab00000,0x00000000eadfffe8,0x00000000eae00000)
  from space 512K, 100% used [0x00000000eb080000,0x00000000eb100000,0x00000000eb100000)
  to   space 512K, 0% used [0x00000000eb100000,0x00000000eb100000,0x00000000eb180000)
 ParOldGen       total 317952K, used 317667K [0x00000000c0000000, 0x00000000d3680000, 0x00000000eab00000)
  object space 317952K, 99% used [0x00000000c0000000,0x00000000d3638e28,0x00000000d3680000)
 Metaspace       used 74334K, committed 75904K, reserved 1179648K
  class space    used 7503K, committed 8192K, reserved 1048576K
}
Event: 690.361 GC heap after
{Heap after GC invocations=957 (full 4):
 PSYoungGen      total 3584K, used 488K [0x00000000eab00000, 0x00000000eb180000, 0x0000000100000000)
  eden space 3072K, 0% used [0x00000000eab00000,0x00000000eab00000,0x00000000eae00000)
  from space 512K, 95% used [0x00000000eb100000,0x00000000eb17a0b8,0x00000000eb180000)
  to   space 1536K, 0% used [0x00000000eae80000,0x00000000eae80000,0x00000000eb000000)
 ParOldGen       total 318464K, used 318260K [0x00000000c0000000, 0x00000000d3700000, 0x00000000eab00000)
  object space 318464K, 99% used [0x00000000c0000000,0x00000000d36cd028,0x00000000d3700000)
 Metaspace       used 74334K, committed 75904K, reserved 1179648K
  class space    used 7503K, committed 8192K, reserved 1048576K
}
Event: 690.389 GC heap before
{Heap before GC invocations=958 (full 4):
 PSYoungGen      total 3584K, used 3490K [0x00000000eab00000, 0x00000000eb180000, 0x0000000100000000)
  eden space 3072K, 97% used [0x00000000eab00000,0x00000000eadee928,0x00000000eae00000)
  from space 512K, 95% used [0x00000000eb100000,0x00000000eb17a0b8,0x00000000eb180000)
  to   space 1536K, 0% used [0x00000000eae80000,0x00000000eae80000,0x00000000eb000000)
 ParOldGen       total 318464K, used 318260K [0x00000000c0000000, 0x00000000d3700000, 0x00000000eab00000)
  object space 318464K, 99% used [0x00000000c0000000,0x00000000d36cd028,0x00000000d3700000)
 Metaspace       used 74338K, committed 75904K, reserved 1179648K
  class space    used 7504K, committed 8192K, reserved 1048576K
}
Event: 691.394 GC heap after
{Heap after GC invocations=958 (full 4):
 PSYoungGen      total 5120K, used 480K [0x00000000eab00000, 0x00000000eb180000, 0x0000000100000000)
  eden space 3584K, 0% used [0x00000000eab00000,0x00000000eab00000,0x00000000eae80000)
  from space 1536K, 31% used [0x00000000eae80000,0x00000000eaef8000,0x00000000eb000000)
  to   space 1024K, 0% used [0x00000000eb080000,0x00000000eb080000,0x00000000eb180000)
 ParOldGen       total 322048K, used 321617K [0x00000000c0000000, 0x00000000d3a80000, 0x00000000eab00000)
  object space 322048K, 99% used [0x00000000c0000000,0x00000000d3a145e0,0x00000000d3a80000)
 Metaspace       used 74338K, committed 75904K, reserved 1179648K
  class space    used 7504K, committed 8192K, reserved 1048576K
}
Event: 691.412 GC heap before
{Heap before GC invocations=959 (full 4):
 PSYoungGen      total 5120K, used 4064K [0x00000000eab00000, 0x00000000eb180000, 0x0000000100000000)
  eden space 3584K, 100% used [0x00000000eab00000,0x00000000eae80000,0x00000000eae80000)
  from space 1536K, 31% used [0x00000000eae80000,0x00000000eaef8000,0x00000000eb000000)
  to   space 1024K, 0% used [0x00000000eb080000,0x00000000eb080000,0x00000000eb180000)
 ParOldGen       total 322048K, used 321617K [0x00000000c0000000, 0x00000000d3a80000, 0x00000000eab00000)
  object space 322048K, 99% used [0x00000000c0000000,0x00000000d3a145e0,0x00000000d3a80000)
 Metaspace       used 74340K, committed 75904K, reserved 1179648K
  class space    used 7504K, committed 8192K, reserved 1048576K
}
Event: 691.416 GC heap after
{Heap after GC invocations=959 (full 4):
 PSYoungGen      total 5632K, used 576K [0x00000000eab00000, 0x00000000eb180000, 0x0000000100000000)
  eden space 4608K, 0% used [0x00000000eab00000,0x00000000eab00000,0x00000000eaf80000)
  from space 1024K, 56% used [0x00000000eb080000,0x00000000eb110000,0x00000000eb180000)
  to   space 1024K, 0% used [0x00000000eaf80000,0x00000000eaf80000,0x00000000eb080000)
 ParOldGen       total 322048K, used 321907K [0x00000000c0000000, 0x00000000d3a80000, 0x00000000eab00000)
  object space 322048K, 99% used [0x00000000c0000000,0x00000000d3a5cee0,0x00000000d3a80000)
 Metaspace       used 74340K, committed 75904K, reserved 1179648K
  class space    used 7504K, committed 8192K, reserved 1048576K
}
Event: 691.466 GC heap before
{Heap before GC invocations=960 (full 4):
 PSYoungGen      total 5632K, used 5183K [0x00000000eab00000, 0x00000000eb180000, 0x0000000100000000)
  eden space 4608K, 99% used [0x00000000eab00000,0x00000000eaf7ffe8,0x00000000eaf80000)
  from space 1024K, 56% used [0x00000000eb080000,0x00000000eb110000,0x00000000eb180000)
  to   space 1024K, 0% used [0x00000000eaf80000,0x00000000eaf80000,0x00000000eb080000)
 ParOldGen       total 322048K, used 321907K [0x00000000c0000000, 0x00000000d3a80000, 0x00000000eab00000)
  object space 322048K, 99% used [0x00000000c0000000,0x00000000d3a5cee0,0x00000000d3a80000)
 Metaspace       used 74347K, committed 75904K, reserved 1179648K
  class space    used 7504K, committed 8192K, reserved 1048576K
}
Event: 691.470 GC heap after
{Heap after GC invocations=960 (full 4):
 PSYoungGen      total 5632K, used 896K [0x00000000eab00000, 0x00000000eb280000, 0x0000000100000000)
  eden space 4608K, 0% used [0x00000000eab00000,0x00000000eab00000,0x00000000eaf80000)
  from space 1024K, 87% used [0x00000000eaf80000,0x00000000eb060000,0x00000000eb080000)
  to   space 1024K, 0% used [0x00000000eb180000,0x00000000eb180000,0x00000000eb280000)
 ParOldGen       total 322560K, used 322371K [0x00000000c0000000, 0x00000000d3b00000, 0x00000000eab00000)
  object space 322560K, 99% used [0x00000000c0000000,0x00000000d3ad0ee0,0x00000000d3b00000)
 Metaspace       used 74347K, committed 75904K, reserved 1179648K
  class space    used 7504K, committed 8192K, reserved 1048576K
}
Event: 691.613 GC heap before
{Heap before GC invocations=961 (full 4):
 PSYoungGen      total 5632K, used 5504K [0x00000000eab00000, 0x00000000eb280000, 0x0000000100000000)
  eden space 4608K, 100% used [0x00000000eab00000,0x00000000eaf80000,0x00000000eaf80000)
  from space 1024K, 87% used [0x00000000eaf80000,0x00000000eb060000,0x00000000eb080000)
  to   space 1024K, 0% used [0x00000000eb180000,0x00000000eb180000,0x00000000eb280000)
 ParOldGen       total 322560K, used 322371K [0x00000000c0000000, 0x00000000d3b00000, 0x00000000eab00000)
  object space 322560K, 99% used [0x00000000c0000000,0x00000000d3ad0ee0,0x00000000d3b00000)
 Metaspace       used 74759K, committed 76352K, reserved 1179648K
  class space    used 7560K, committed 8256K, reserved 1048576K
}
Event: 691.617 GC heap after
{Heap after GC invocations=961 (full 4):
 PSYoungGen      total 5120K, used 479K [0x00000000eab00000, 0x00000000eb200000, 0x0000000100000000)
  eden space 4608K, 0% used [0x00000000eab00000,0x00000000eab00000,0x00000000eaf80000)
  from space 512K, 93% used [0x00000000eb180000,0x00000000eb1f7c68,0x00000000eb200000)
  to   space 1024K, 0% used [0x00000000eb000000,0x00000000eb000000,0x00000000eb100000)
 ParOldGen       total 323072K, used 323003K [0x00000000c0000000, 0x00000000d3b80000, 0x00000000eab00000)
  object space 323072K, 99% used [0x00000000c0000000,0x00000000d3b6eee0,0x00000000d3b80000)
 Metaspace       used 74759K, committed 76352K, reserved 1179648K
  class space    used 7560K, committed 8256K, reserved 1048576K
}

